::1 - - [30/Mar/2024:15:36:02 +0000] "POST /users/login HTTP/1.1" 200 555 "-" "PostmanRuntime/7.37.0"
::1 - - [30/Mar/2024:15:36:25 +0000] "POST /users/login HTTP/1.1" 200 555 "-" "PostmanRuntime/7.37.0"
::1 - - [30/Mar/2024:15:41:04 +0000] "POST /users/login HTTP/1.1" 200 555
::1 - - [30/Mar/2024:15:41:14 +0000] "POST /users/login HTTP/1.1" 200 555
::1 - - [30/Mar/2024:15:41:50 +0000] "POST /users/login HTTP/1.1" 200 555 "-" "PostmanRuntime/7.37.0"
::1 - - [30/Mar/2024:16:25:41 +0000] "GET /course/ HTTP/1.1" 400 54 "-" "PostmanRuntime/7.37.0"
::1 - - [30/Mar/2024:16:26:21 +0000] "GET /course/66070fac938b4d737004c2ff HTTP/1.1" 401 12 "-" "PostmanRuntime/7.37.0"
::1 - - [30/Mar/2024:16:26:45 +0000] "GET /course/66070fac938b4d737004c2ff HTTP/1.1" 200 207 "-" "PostmanRuntime/7.37.0"
::1 - - [30/Mar/2024:16:28:27 +0000] "GET /course?courseCode=CS101 HTTP/1.1" 401 12 "-" "PostmanRuntime/7.37.0"
::1 - - [30/Mar/2024:16:28:41 +0000] "GET /course?courseCode=CS101 HTTP/1.1" 200 207 "-" "PostmanRuntime/7.37.0"
::1 - - [30/Mar/2024:16:30:00 +0000] "GET /course/66070fac938b4d737004c2ff HTTP/1.1" 200 207 "-" "PostmanRuntime/7.37.0"
::1 - - [30/Mar/2024:16:30:20 +0000] "GET /course/courseCode=1233 HTTP/1.1" 500 134 "-" "PostmanRuntime/7.37.0"
::1 - - [30/Mar/2024:16:30:27 +0000] "GET /course/courseCode=CS101 HTTP/1.1" 500 135 "-" "PostmanRuntime/7.37.0"
::1 - - [30/Mar/2024:16:30:42 +0000] "GET /course?courseCode=CS101 HTTP/1.1" 200 207 "-" "PostmanRuntime/7.37.0"
::1 - - [30/Mar/2024:16:37:02 +0000] "POST /users/register HTTP/1.1" 201 319 "-" "PostmanRuntime/7.37.0"
::1 - - [30/Mar/2024:16:39:40 +0000] "POST /users/login HTTP/1.1" 200 557 "-" "PostmanRuntime/7.37.0"
::1 - - [30/Mar/2024:16:39:44 +0000] "POST /users/login HTTP/1.1" 200 557 "-" "PostmanRuntime/7.37.0"
::1 - - [30/Mar/2024:16:41:32 +0000] "GET /course/66070fac938b4d737004c2ff HTTP/1.1" 401 12 "-" "PostmanRuntime/7.37.0"
::1 - - [30/Mar/2024:16:45:38 +0000] "GET /course/66070fac938b4d737004c2ff HTTP/1.1" 200 207 "-" "PostmanRuntime/7.37.0"
::1 - - [03/Apr/2024:06:35:07 +0000] "POST /users/login HTTP/1.1" 500 62 "-" "PostmanRuntime/7.37.0"
::1 - - [03/Apr/2024:06:36:39 +0000] "POST /users/register HTTP/1.1" 400 49 "-" "PostmanRuntime/7.37.0"
::1 - - [03/Apr/2024:06:36:46 +0000] "POST /users/register HTTP/1.1" 201 318 "-" "PostmanRuntime/7.37.0"
::1 - - [03/Apr/2024:06:36:58 +0000] "POST /users/login HTTP/1.1" 500 62 "-" "PostmanRuntime/7.37.0"
::1 - - [03/Apr/2024:06:37:00 +0000] "POST /users/login HTTP/1.1" 500 62 "-" "PostmanRuntime/7.37.0"
::1 - - [03/Apr/2024:06:39:22 +0000] "POST /users/register HTTP/1.1" 201 140 "-" "PostmanRuntime/7.37.0"
::1 - - [03/Apr/2024:06:39:47 +0000] "POST /users/register HTTP/1.1" 201 125 "-" "PostmanRuntime/7.37.0"
::1 - - [03/Apr/2024:06:39:54 +0000] "POST /users/login HTTP/1.1" 500 62 "-" "PostmanRuntime/7.37.0"
::1 - - [03/Apr/2024:06:42:40 +0000] "POST /users/login HTTP/1.1" 500 62 "-" "PostmanRuntime/7.37.0"
::1 - - [03/Apr/2024:06:42:59 +0000] "POST /users/login HTTP/1.1" 500 62 "-" "PostmanRuntime/7.37.0"
::1 - - [03/Apr/2024:06:43:42 +0000] "POST /users/login HTTP/1.1" 500 62 "-" "PostmanRuntime/7.37.0"
::1 - - [03/Apr/2024:06:44:37 +0000] "POST /users/login HTTP/1.1" 200 326 "-" "PostmanRuntime/7.37.0"
::1 - - [03/Apr/2024:12:29:44 +0000] "POST /users/login HTTP/1.1" 200 324 "-" "PostmanRuntime/7.37.0"
::1 - - [03/Apr/2024:12:32:40 +0000] "GET /faculty HTTP/1.1" 404 146 "-" "PostmanRuntime/7.37.0"
::1 - - [03/Apr/2024:13:43:20 +0000] "POST /college HTTP/1.1" 500 50 "-" "PostmanRuntime/7.37.0"
::1 - - [03/Apr/2024:13:43:48 +0000] "POST /college HTTP/1.1" 201 438 "-" "PostmanRuntime/7.37.0"
::1 - - [03/Apr/2024:13:44:02 +0000] "POST /faculty HTTP/1.1" 404 147 "-" "PostmanRuntime/7.37.0"
::1 - - [03/Apr/2024:15:34:49 +0000] "POST /faculty HTTP/1.1" 404 147 "-" "PostmanRuntime/7.37.0"
::1 - - [03/Apr/2024:15:39:01 +0000] "POST /users/login HTTP/1.1" 500 91 "-" "PostmanRuntime/7.37.0"
::1 - - [03/Apr/2024:15:39:53 +0000] "POST /users/login HTTP/1.1" 500 91 "-" "PostmanRuntime/7.37.0"
::1 - - [03/Apr/2024:15:41:10 +0000] "POST /users/login HTTP/1.1" 500 91 "-" "PostmanRuntime/7.37.0"
::1 - - [03/Apr/2024:15:41:25 +0000] "POST /users/login HTTP/1.1" 500 91 "-" "PostmanRuntime/7.37.0"
::1 - - [03/Apr/2024:15:41:48 +0000] "POST /users/login HTTP/1.1" 200 324 "-" "PostmanRuntime/7.37.0"
::1 - - [03/Apr/2024:17:55:04 +0000] "GET /faculty HTTP/1.1" 404 146 "-" "PostmanRuntime/7.37.0"
::1 - - [03/Apr/2024:17:56:58 +0000] "POST /faculty HTTP/1.1" 404 147 "-" "PostmanRuntime/7.37.0"
::1 - - [03/Apr/2024:18:01:16 +0000] "POST /faculty HTTP/1.1" 404 147 "-" "PostmanRuntime/7.37.0"
::1 - - [03/Apr/2024:18:04:05 +0000] "POST /faculty HTTP/1.1" 404 147 "-" "PostmanRuntime/7.37.0"
::1 - - [03/Apr/2024:18:11:42 +0000] "POST /faculty HTTP/1.1" 404 147 "-" "PostmanRuntime/7.37.0"
::1 - - [03/Apr/2024:18:15:05 +0000] "GET /faculty HTTP/1.1" 404 146 "-" "PostmanRuntime/7.37.0"
::1 - - [03/Apr/2024:18:15:08 +0000] "GET /faculty HTTP/1.1" 404 146 "-" "PostmanRuntime/7.37.0"
::1 - - [03/Apr/2024:18:15:15 +0000] "GET /faculty HTTP/1.1" 404 146 "-" "PostmanRuntime/7.37.0"
::1 - - [03/Apr/2024:18:20:59 +0000] "GET /faculty HTTP/1.1" 404 146 "-" "PostmanRuntime/7.37.0"
::1 - - [03/Apr/2024:18:21:06 +0000] "GET /faculty HTTP/1.1" 404 146 "-" "PostmanRuntime/7.37.0"
::1 - - [03/Apr/2024:18:21:14 +0000] "GET /faculty HTTP/1.1" 404 146 "-" "PostmanRuntime/7.37.0"
::1 - - [03/Apr/2024:18:23:02 +0000] "GET /faculty HTTP/1.1" 404 146 "-" "PostmanRuntime/7.37.0"
