::1 - - [30/Mar/2024:15:36:02 +0000] "POST /users/login HTTP/1.1" 200 555 "-" "PostmanRuntime/7.37.0"
::1 - - [30/Mar/2024:15:36:25 +0000] "POST /users/login HTTP/1.1" 200 555 "-" "PostmanRuntime/7.37.0"
::1 - - [30/Mar/2024:15:41:04 +0000] "POST /users/login HTTP/1.1" 200 555
::1 - - [30/Mar/2024:15:41:14 +0000] "POST /users/login HTTP/1.1" 200 555
::1 - - [30/Mar/2024:15:41:50 +0000] "POST /users/login HTTP/1.1" 200 555 "-" "PostmanRuntime/7.37.0"
::1 - - [30/Mar/2024:16:25:41 +0000] "GET /course/ HTTP/1.1" 400 54 "-" "PostmanRuntime/7.37.0"
::1 - - [30/Mar/2024:16:26:21 +0000] "GET /course/66070fac938b4d737004c2ff HTTP/1.1" 401 12 "-" "PostmanRuntime/7.37.0"
::1 - - [30/Mar/2024:16:26:45 +0000] "GET /course/66070fac938b4d737004c2ff HTTP/1.1" 200 207 "-" "PostmanRuntime/7.37.0"
::1 - - [30/Mar/2024:16:28:27 +0000] "GET /course?courseCode=CS101 HTTP/1.1" 401 12 "-" "PostmanRuntime/7.37.0"
::1 - - [30/Mar/2024:16:28:41 +0000] "GET /course?courseCode=CS101 HTTP/1.1" 200 207 "-" "PostmanRuntime/7.37.0"
::1 - - [30/Mar/2024:16:30:00 +0000] "GET /course/66070fac938b4d737004c2ff HTTP/1.1" 200 207 "-" "PostmanRuntime/7.37.0"
::1 - - [30/Mar/2024:16:30:20 +0000] "GET /course/courseCode=1233 HTTP/1.1" 500 134 "-" "PostmanRuntime/7.37.0"
::1 - - [30/Mar/2024:16:30:27 +0000] "GET /course/courseCode=CS101 HTTP/1.1" 500 135 "-" "PostmanRuntime/7.37.0"
::1 - - [30/Mar/2024:16:30:42 +0000] "GET /course?courseCode=CS101 HTTP/1.1" 200 207 "-" "PostmanRuntime/7.37.0"
::1 - - [30/Mar/2024:16:37:02 +0000] "POST /users/register HTTP/1.1" 201 319 "-" "PostmanRuntime/7.37.0"
::1 - - [30/Mar/2024:16:39:40 +0000] "POST /users/login HTTP/1.1" 200 557 "-" "PostmanRuntime/7.37.0"
::1 - - [30/Mar/2024:16:39:44 +0000] "POST /users/login HTTP/1.1" 200 557 "-" "PostmanRuntime/7.37.0"
::1 - - [30/Mar/2024:16:41:32 +0000] "GET /course/66070fac938b4d737004c2ff HTTP/1.1" 401 12 "-" "PostmanRuntime/7.37.0"
::1 - - [30/Mar/2024:16:45:38 +0000] "GET /course/66070fac938b4d737004c2ff HTTP/1.1" 200 207 "-" "PostmanRuntime/7.37.0"
::1 - - [03/Apr/2024:06:35:07 +0000] "POST /users/login HTTP/1.1" 500 62 "-" "PostmanRuntime/7.37.0"
::1 - - [03/Apr/2024:06:36:39 +0000] "POST /users/register HTTP/1.1" 400 49 "-" "PostmanRuntime/7.37.0"
::1 - - [03/Apr/2024:06:36:46 +0000] "POST /users/register HTTP/1.1" 201 318 "-" "PostmanRuntime/7.37.0"
::1 - - [03/Apr/2024:06:36:58 +0000] "POST /users/login HTTP/1.1" 500 62 "-" "PostmanRuntime/7.37.0"
::1 - - [03/Apr/2024:06:37:00 +0000] "POST /users/login HTTP/1.1" 500 62 "-" "PostmanRuntime/7.37.0"
::1 - - [03/Apr/2024:06:39:22 +0000] "POST /users/register HTTP/1.1" 201 140 "-" "PostmanRuntime/7.37.0"
::1 - - [03/Apr/2024:06:39:47 +0000] "POST /users/register HTTP/1.1" 201 125 "-" "PostmanRuntime/7.37.0"
::1 - - [03/Apr/2024:06:39:54 +0000] "POST /users/login HTTP/1.1" 500 62 "-" "PostmanRuntime/7.37.0"
::1 - - [03/Apr/2024:06:42:40 +0000] "POST /users/login HTTP/1.1" 500 62 "-" "PostmanRuntime/7.37.0"
::1 - - [03/Apr/2024:06:42:59 +0000] "POST /users/login HTTP/1.1" 500 62 "-" "PostmanRuntime/7.37.0"
::1 - - [03/Apr/2024:06:43:42 +0000] "POST /users/login HTTP/1.1" 500 62 "-" "PostmanRuntime/7.37.0"
::1 - - [03/Apr/2024:06:44:37 +0000] "POST /users/login HTTP/1.1" 200 326 "-" "PostmanRuntime/7.37.0"
::1 - - [03/Apr/2024:20:22:46 +0000] "POST /users/login HTTP/1.1" 400 51 "http://localhost:3000/" "Mozilla/5.0 (Macintosh; Intel Mac OS X 10_15_7) AppleWebKit/537.36 (KHTML, like Gecko) Chrome/123.0.0.0 Safari/537.36"
::1 - - [03/Apr/2024:20:23:04 +0000] "POST /users/login HTTP/1.1" 400 51 "http://localhost:3000/" "Mozilla/5.0 (Macintosh; Intel Mac OS X 10_15_7) AppleWebKit/537.36 (KHTML, like Gecko) Chrome/123.0.0.0 Safari/537.36"
::1 - - [03/Apr/2024:20:23:15 +0000] "POST /users/login HTTP/1.1" 400 51 "http://localhost:3000/" "Mozilla/5.0 (Macintosh; Intel Mac OS X 10_15_7) AppleWebKit/537.36 (KHTML, like Gecko) Chrome/123.0.0.0 Safari/537.36"
::1 - - [03/Apr/2024:20:23:28 +0000] "POST /users/login HTTP/1.1" 400 51 "http://localhost:3000/" "Mozilla/5.0 (Macintosh; Intel Mac OS X 10_15_7) AppleWebKit/537.36 (KHTML, like Gecko) Chrome/123.0.0.0 Safari/537.36"
::1 - - [03/Apr/2024:20:23:36 +0000] "POST /users/login HTTP/1.1" 400 51 "http://localhost:3000/" "Mozilla/5.0 (Macintosh; Intel Mac OS X 10_15_7) AppleWebKit/537.36 (KHTML, like Gecko) Chrome/123.0.0.0 Safari/537.36"
::1 - - [03/Apr/2024:20:23:55 +0000] "POST /users/login HTTP/1.1" 400 55 "http://localhost:3000/" "Mozilla/5.0 (Macintosh; Intel Mac OS X 10_15_7) AppleWebKit/537.36 (KHTML, like Gecko) Chrome/123.0.0.0 Safari/537.36"
::1 - - [03/Apr/2024:20:24:11 +0000] "POST /users/login HTTP/1.1" 200 324 "http://localhost:3000/" "Mozilla/5.0 (Macintosh; Intel Mac OS X 10_15_7) AppleWebKit/537.36 (KHTML, like Gecko) Chrome/123.0.0.0 Safari/537.36"
::1 - - [03/Apr/2024:20:26:02 +0000] "POST /users/login HTTP/1.1" 200 324 "http://localhost:3000/" "Mozilla/5.0 (Macintosh; Intel Mac OS X 10_15_7) AppleWebKit/537.36 (KHTML, like Gecko) Chrome/123.0.0.0 Safari/537.36"
::1 - - [03/Apr/2024:20:26:33 +0000] "POST /users/login HTTP/1.1" 200 324 "http://localhost:3000/" "Mozilla/5.0 (Macintosh; Intel Mac OS X 10_15_7) AppleWebKit/537.36 (KHTML, like Gecko) Chrome/123.0.0.0 Safari/537.36"
::1 - - [05/Apr/2024:10:35:17 +0000] "POST /users/login HTTP/1.1" 200 322 "-" "PostmanRuntime/7.37.3"
::1 - - [05/Apr/2024:10:50:51 +0000] "POST /faculty HTTP/1.1" 400 50 "-" "PostmanRuntime/7.37.3"
::1 - - [05/Apr/2024:10:52:54 +0000] "POST /faculty HTTP/1.1" 400 50 "-" "PostmanRuntime/7.37.3"
::1 - - [05/Apr/2024:10:54:53 +0000] "POST /faculty HTTP/1.1" 400 50 "-" "PostmanRuntime/7.37.3"
::1 - - [05/Apr/2024:10:58:30 +0000] "POST /faculty HTTP/1.1" 400 50 "-" "PostmanRuntime/7.37.3"
::1 - - [05/Apr/2024:10:58:48 +0000] "POST /faculty HTTP/1.1" 400 50 "-" "PostmanRuntime/7.37.3"
::1 - - [05/Apr/2024:13:23:18 +0000] "GET /department HTTP/1.1" 200 1877 "-" "PostmanRuntime/7.37.3"
::1 - - [05/Apr/2024:13:23:54 +0000] "GET /department/660ece33f17586ef42f360f5 HTTP/1.1" 200 297 "-" "PostmanRuntime/7.37.3"
::1 - - [05/Apr/2024:13:30:39 +0000] "GET /department/ HTTP/1.1" 200 1877 "-" "PostmanRuntime/7.37.3"
::1 - - [05/Apr/2024:13:39:45 +0000] "POST /faculty HTTP/1.1" 400 50 "-" "PostmanRuntime/7.37.3"
::1 - - [05/Apr/2024:13:49:38 +0000] "POST /feedback HTTP/1.1" 404 148 "-" "PostmanRuntime/7.37.3"
::1 - - [05/Apr/2024:13:50:39 +0000] "POST /feedback HTTP/1.1" 201 431 "-" "PostmanRuntime/7.37.3"
::1 - - [05/Apr/2024:13:51:04 +0000] "GET /feedback/661001af12ca1da30f6fa204 HTTP/1.1" 200 389 "-" "PostmanRuntime/7.37.3"
::1 - - [05/Apr/2024:13:51:40 +0000] "PUT /feedback/661001af12ca1da30f6fa204 HTTP/1.1" 500 53 "-" "PostmanRuntime/7.37.3"
::1 - - [05/Apr/2024:13:52:16 +0000] "PUT /feedback/661001af12ca1da30f6fa204 HTTP/1.1" 200 431 "-" "PostmanRuntime/7.37.3"
::1 - - [05/Apr/2024:13:52:23 +0000] "DELETE /feedback/661001af12ca1da30f6fa204 HTTP/1.1" 500 76 "-" "PostmanRuntime/7.37.3"
::1 - - [05/Apr/2024:13:53:05 +0000] "DELETE /feedback/661001af12ca1da30f6fa204 HTTP/1.1" 200 427 "-" "PostmanRuntime/7.37.3"
::1 - - [05/Apr/2024:13:53:18 +0000] "POST /feedback HTTP/1.1" 201 427 "-" "PostmanRuntime/7.37.3"
::1 - - [05/Apr/2024:13:55:54 +0000] "GET /feedback HTTP/1.1" 500 57 "-" "PostmanRuntime/7.37.3"
::1 - - [05/Apr/2024:13:57:23 +0000] "GET /feedback HTTP/1.1" 200 508 "-" "PostmanRuntime/7.37.3"
::1 - - [05/Apr/2024:14:34:38 +0000] "GET /course HTTP/1.1" 400 54 "-" "PostmanRuntime/7.37.3"
::1 - - [05/Apr/2024:14:35:06 +0000] "GET /course/ HTTP/1.1" 400 54 "-" "PostmanRuntime/7.37.3"
::1 - - [05/Apr/2024:14:35:41 +0000] "GET /feedback HTTP/1.1" 400 54 "-" "PostmanRuntime/7.37.3"
::1 - - [05/Apr/2024:14:50:04 +0000] "GET /feedback/66070fac938b4d737004c2ff HTTP/1.1" 404 48 "-" "PostmanRuntime/7.37.3"
::1 - - [05/Apr/2024:15:26:18 +0000] "GET /feedback HTTP/1.1" 500 54 "-" "PostmanRuntime/7.37.3"
::1 - - [05/Apr/2024:15:27:10 +0000] "GET /feedback HTTP/1.1" 200 508 "-" "PostmanRuntime/7.37.3"
::1 - - [05/Apr/2024:15:27:36 +0000] "GET /feedback HTTP/1.1" 200 387 "-" "PostmanRuntime/7.37.3"
::1 - - [05/Apr/2024:15:28:43 +0000] "POST /feedback HTTP/1.1" 201 413 "-" "PostmanRuntime/7.37.3"
::1 - - [05/Apr/2024:15:29:28 +0000] "GET /feedback HTTP/1.1" 200 735 "-" "PostmanRuntime/7.37.3"
::1 - - [05/Apr/2024:15:29:39 +0000] "GET /feedback/661018abd46bbe79479513c4 HTTP/1.1" 200 371 "-" "PostmanRuntime/7.37.3"
::1 - - [05/Apr/2024:15:30:09 +0000] "GET /feedback/ HTTP/1.1" 200 735 "-" "PostmanRuntime/7.37.3"
::1 - - [05/Apr/2024:15:37:30 +0000] "GET /feedback/ HTTP/1.1" 200 735 "-" "PostmanRuntime/7.37.3"
::1 - - [05/Apr/2024:15:37:37 +0000] "POST /feedback/ HTTP/1.1" 201 436 "-" "PostmanRuntime/7.37.3"
::1 - - [05/Apr/2024:15:38:41 +0000] "PUT /feedback/66101ac1d46bbe79479513e2 HTTP/1.1" 200 436 "-" "PostmanRuntime/7.37.3"
::1 - - [05/Apr/2024:15:38:57 +0000] "GET /feedback/66101ac1d46bbe79479513e2 HTTP/1.1" 200 401 "-" "PostmanRuntime/7.37.3"
::1 - - [05/Apr/2024:15:39:06 +0000] "GET /feedback/ HTTP/1.1" 200 1113 "-" "PostmanRuntime/7.37.3"
::1 - - [05/Apr/2024:15:39:32 +0000] "DELETE /feedback/66101ac1d46bbe79479513e2 HTTP/1.1" 200 443 "-" "PostmanRuntime/7.37.3"
::1 - - [05/Apr/2024:15:39:46 +0000] "POST /feedback HTTP/1.1" 201 443 "-" "PostmanRuntime/7.37.3"
::1 - - [05/Apr/2024:15:40:10 +0000] "PUT /feedback/66101b41d46bbe7947951404 HTTP/1.1" 200 443 "-" "PostmanRuntime/7.37.3"
::1 - - [05/Apr/2024:15:40:21 +0000] "GET /feedback/66101b41d46bbe7947951404 HTTP/1.1" 200 405 "-" "PostmanRuntime/7.37.3"
::1 - - [05/Apr/2024:15:40:31 +0000] "GET /feedback HTTP/1.1" 200 1117 "-" "PostmanRuntime/7.37.3"
::1 - - [05/Apr/2024:15:41:54 +0000] "GET /department/ HTTP/1.1" 200 1877 "-" "PostmanRuntime/7.37.3"
::1 - - [05/Apr/2024:15:42:22 +0000] "GET /department/660ece33f17586ef42f360f5 HTTP/1.1" 200 297 "-" "PostmanRuntime/7.37.3"
::1 - - [05/Apr/2024:15:42:51 +0000] "POST /department HTTP/1.1" 201 354 "-" "PostmanRuntime/7.37.3"
::1 - - [05/Apr/2024:15:43:32 +0000] "PUT /department/66101bfbd46bbe7947951427 HTTP/1.1" 200 351 "-" "PostmanRuntime/7.37.3"
::1 - - [05/Apr/2024:15:45:07 +0000] "DELETE /department/66101bfbd46bbe7947951427 HTTP/1.1" 200 351 "-" "PostmanRuntime/7.37.3"
::1 - - [05/Apr/2024:15:45:23 +0000] "POST /department HTTP/1.1" 201 354 "-" "PostmanRuntime/7.37.3"
::1 - - [07/Apr/2024:01:58:34 +0000] "POST /users/login HTTP/1.1" 200 322 "-" "PostmanRuntime/7.37.3"
::1 - - [07/Apr/2024:01:59:00 +0000] "GET /feedback HTTP/1.1" 200 1117 "-" "PostmanRuntime/7.37.3"
::1 - - [07/Apr/2024:01:59:55 +0000] "GET /feedback/66101b41d46bbe7947951404 HTTP/1.1" 200 405 "-" "PostmanRuntime/7.37.3"
::1 - - [07/Apr/2024:02:01:08 +0000] "POST /feedback HTTP/1.1" 201 488 "-" "PostmanRuntime/7.37.3"
::1 - - [07/Apr/2024:02:01:53 +0000] "POST /feedback/6611fe64255677f3d26c66aa HTTP/1.1" 404 173 "-" "PostmanRuntime/7.37.3"
::1 - - [07/Apr/2024:02:02:02 +0000] "POST /feedback/6611fe64255677f3d26c66aa HTTP/1.1" 404 173 "-" "PostmanRuntime/7.37.3"
::1 - - [07/Apr/2024:02:02:11 +0000] "PUT /feedback/6611fe64255677f3d26c66aa HTTP/1.1" 200 488 "-" "PostmanRuntime/7.37.3"
::1 - - [07/Apr/2024:02:02:23 +0000] "PUT /feedback/6611fe64255677f3d26c66aa HTTP/1.1" 200 518 "-" "PostmanRuntime/7.37.3"
::1 - - [07/Apr/2024:02:02:42 +0000] "DELETE /feedback/6611fe64255677f3d26c66aa HTTP/1.1" 200 518 "-" "PostmanRuntime/7.37.3"
::1 - - [07/Apr/2024:02:02:52 +0000] "GET /feedback/ HTTP/1.1" 200 1117 "-" "PostmanRuntime/7.37.3"
::1 - - [07/Apr/2024:02:03:04 +0000] "POST /feedback/ HTTP/1.1" 201 518 "-" "PostmanRuntime/7.37.3"
::1 - - [07/Apr/2024:02:03:19 +0000] "POST /feedback/6611fed8255677f3d26c66d0 HTTP/1.1" 404 173 "-" "PostmanRuntime/7.37.3"
::1 - - [07/Apr/2024:02:03:38 +0000] "GET /feedback HTTP/1.1" 200 1570 "-" "PostmanRuntime/7.37.3"
::1 - - [07/Apr/2024:02:14:45 +0000] "GET /feedback/6611fed8255677f3d26c66cf HTTP/1.1" 400 54 "-" "PostmanRuntime/7.37.3"
::1 - - [07/Apr/2024:02:15:00 +0000] "GET /feedback/66070fac938b4d737004c2ff HTTP/1.1" 400 54 "-" "PostmanRuntime/7.37.3"
::1 - - [07/Apr/2024:02:18:32 +0000] "GET /feedback/66070fac938b4d737004c2ff HTTP/1.1" 404 48 "-" "PostmanRuntime/7.37.3"
::1 - - [07/Apr/2024:02:18:42 +0000] "GET /feedback/ HTTP/1.1" 200 1570 "-" "PostmanRuntime/7.37.3"
::1 - - [07/Apr/2024:02:19:00 +0000] "GET /feedback/66101b5ad46bbe794795140c HTTP/1.1" 404 48 "-" "PostmanRuntime/7.37.3"
::1 - - [07/Apr/2024:02:19:30 +0000] "GET /feedback/ HTTP/1.1" 200 1570 "-" "PostmanRuntime/7.37.3"
::1 - - [07/Apr/2024:02:19:44 +0000] "GET /feedback/6611fed8255677f3d26c66cf HTTP/1.1" 200 476 "-" "PostmanRuntime/7.37.3"
::1 - - [07/Apr/2024:02:24:44 +0000] "GET /feedback/6611fed8255677f3d26c66cf HTTP/1.1" 400 54 "-" "PostmanRuntime/7.37.3"
::1 - - [07/Apr/2024:02:25:06 +0000] "GET /feedback/6611fed8255677f3d26c66cf HTTP/1.1" 200 476 "-" "PostmanRuntime/7.37.3"
::1 - - [07/Apr/2024:02:25:15 +0000] "DELETE /feedback/6611fed8255677f3d26c66cf HTTP/1.1" 200 518 "-" "PostmanRuntime/7.37.3"
::1 - - [07/Apr/2024:02:25:25 +0000] "POST /feedback HTTP/1.1" 201 518 "-" "PostmanRuntime/7.37.3"
::1 - - [07/Apr/2024:02:25:53 +0000] "PUT /feedback/6612041517874cf72b5ad113 HTTP/1.1" 200 518 "-" "PostmanRuntime/7.37.3"
::1 - - [07/Apr/2024:02:26:01 +0000] "PUT /feedback/6612041517874cf72b5ad113 HTTP/1.1" 200 517 "-" "PostmanRuntime/7.37.3"
::1 - - [07/Apr/2024:02:26:11 +0000] "PUT /feedback/6612041517874cf72b5ad113 HTTP/1.1" 200 519 "-" "PostmanRuntime/7.37.3"
::1 - - [07/Apr/2024:02:26:23 +0000] "GET /feedback/ HTTP/1.1" 200 1571 "-" "PostmanRuntime/7.37.3"
