[2024-04-09T15:56:51.095] [INFO] default - Server is running on port 8080
[2024-04-09T15:56:51.804] [INFO] default - Connected to the database
[2024-04-09T15:57:03.386] [INFO] default - Batches fetched successfully
[2024-04-09T15:57:03.422] [INFO] default - Batches fetched successfully
[2024-04-09T15:57:03.566] [INFO] default - Students fetched successfully
[2024-04-09T15:57:03.789] [INFO] default - Students fetched successfully
[2024-04-09T15:57:04.417] [INFO] default - Batches fetched successfully
[2024-04-09T15:57:04.449] [INFO] default - Batches fetched successfully
[2024-04-09T15:57:04.593] [INFO] default - Students fetched successfully
[2024-04-09T15:57:04.808] [INFO] default - Students fetched successfully
[2024-04-09T15:57:08.824] [INFO] default - Batches fetched successfully
[2024-04-09T15:57:08.865] [INFO] default - Batches fetched successfully
[2024-04-09T15:57:08.978] [INFO] default - Students fetched successfully
[2024-04-09T15:57:09.179] [INFO] default - Students fetched successfully
[2024-04-09T15:57:24.527] [ERROR] default - "email" is not allowed
[2024-04-09T15:57:27.316] [ERROR] default - Department fetched successfully
[2024-04-09T15:57:27.472] [ERROR] default - Department fetched successfully
[2024-04-09T15:57:29.452] [ERROR] default - Department fetched successfully
[2024-04-09T15:57:29.612] [ERROR] default - Department fetched successfully
[2024-04-10T00:26:22.213] [INFO] default - Department created successfully
[2024-04-10T00:26:22.433] [ERROR] default - Department fetched successfully
[2024-04-10T00:26:25.479] [INFO] default - Department deleted successfully
[2024-04-10T00:26:25.675] [ERROR] default - Department fetched successfully
[2024-04-10T00:26:34.619] [INFO] default - Department updated successfully
[2024-04-10T00:26:34.815] [ERROR] default - Department fetched successfully
[2024-04-10T00:26:59.214] [INFO] default - Server is running on port 8080
[2024-04-10T00:26:59.953] [INFO] default - Server is running on port 8080
[2024-04-10T00:27:00.469] [INFO] default - Connected to the database
[2024-04-10T00:27:08.993] [INFO] default - Server is running on port 8080
[2024-04-10T00:27:09.386] [INFO] default - Server is running on port 8080
[2024-04-10T00:27:09.894] [INFO] default - Connected to the database
[2024-04-10T00:27:10.461] [INFO] default - Server is running on port 8080
[2024-04-10T00:27:10.983] [INFO] default - Connected to the database
[2024-04-10T00:27:13.295] [INFO] default - Server is running on port 8080
[2024-04-10T00:27:14.042] [INFO] default - Server is running on port 8080
[2024-04-10T00:27:14.747] [INFO] default - Server is running on port 8080
[2024-04-10T00:27:15.266] [INFO] default - Connected to the database
[2024-04-10T00:27:17.314] [INFO] default - Server is running on port 8080
[2024-04-10T00:27:17.853] [INFO] default - Connected to the database
[2024-04-10T00:27:18.089] [INFO] default - Server is running on port 8080
[2024-04-10T00:27:18.709] [INFO] default - Server is running on port 8080
[2024-04-10T00:27:19.333] [INFO] default - Connected to the database
[2024-04-10T00:27:20.787] [INFO] default - Server is running on port 8080
[2024-04-10T00:27:21.336] [INFO] default - Connected to the database
[2024-04-10T00:27:21.838] [INFO] default - Server is running on port 8080
[2024-04-10T00:27:22.815] [INFO] default - Server is running on port 8080
[2024-04-10T00:27:23.397] [INFO] default - Connected to the database
[2024-04-10T00:27:35.138] [INFO] default - Server is running on port 8080
[2024-04-10T00:27:35.732] [INFO] default - Connected to the database
[2024-04-10T00:27:36.038] [INFO] default - Server is running on port 8080
[2024-04-10T00:27:36.664] [INFO] default - Connected to the database
[2024-04-10T00:27:37.181] [INFO] default - Server is running on port 8080
[2024-04-10T00:27:38.000] [INFO] default - Server is running on port 8080
[2024-04-10T00:27:38.695] [INFO] default - Server is running on port 8080
[2024-04-10T00:27:39.013] [INFO] default - Server is running on port 8080
[2024-04-10T00:27:39.520] [INFO] default - Connected to the database
[2024-04-10T00:27:48.927] [ERROR] default - { status: 404, message: 'Faculty not found' }
[2024-04-10T00:27:49.089] [ERROR] default - { status: 404, message: 'Faculty not found' }
[2024-04-10T00:28:08.867] [INFO] default - Server is running on port 8080
[2024-04-10T00:28:09.215] [INFO] default - Server is running on port 8080
[2024-04-10T00:28:09.811] [INFO] default - Connected to the database
[2024-04-10T00:28:49.362] [INFO] default - Server is running on port 8080
[2024-04-10T00:28:49.932] [INFO] default - Connected to the database
[2024-04-10T00:28:55.734] [INFO] default - Server is running on port 8080
[2024-04-10T00:28:56.558] [INFO] default - Server is running on port 8080
[2024-04-10T00:28:57.235] [INFO] default - Server is running on port 8080
[2024-04-10T00:28:57.750] [INFO] default - Connected to the database
[2024-04-10T00:34:37.287] [INFO] default - Server is running on port 8080
[2024-04-10T00:34:37.638] [INFO] default - Server is running on port 8080
[2024-04-10T00:34:38.404] [INFO] default - Connected to the database
[2024-04-10T00:36:19.538] [INFO] default - Server is running on port 8080
[2024-04-10T00:36:20.229] [INFO] default - Server is running on port 8080
[2024-04-10T00:36:20.845] [INFO] default - Connected to the database
[2024-04-10T00:55:55.289] [INFO] default - Server is running on port 8080
[2024-04-10T00:55:57.132] [INFO] default - Server is running on port 8080
[2024-04-10T00:55:57.643] [INFO] default - Connected to the database
[2024-04-10T00:56:00.604] [INFO] default - Server is running on port 8080
[2024-04-10T00:56:01.130] [INFO] default - Connected to the database
[2024-04-10T01:03:19.957] [INFO] default - Server is running on port 8080
[2024-04-10T01:03:20.852] [INFO] default - Server is running on port 8080
[2024-04-10T01:03:21.458] [INFO] default - Connected to the database
[2024-04-10T01:03:22.204] [INFO] default - Server is running on port 8080
[2024-04-10T01:03:22.791] [INFO] default - Connected to the database
[2024-04-10T01:03:23.212] [INFO] default - Server is running on port 8080
[2024-04-10T01:03:24.239] [INFO] default - Server is running on port 8080
[2024-04-10T01:03:24.765] [INFO] default - Connected to the database
